2022-09-30 22:30:11,546 INFO h.JsonTestDataHelper [TestNG-tests-1] JsonTestDataHelper created
2022-09-30 22:30:11,546 INFO h.JsonTestDataHelper [TestNG-tests-1] filePath: resource/testData/google/googleData.json
2022-09-30 22:30:11,655 INFO h.JsonTestDataHelper [TestNG-tests-1] geTestData: [model.google.Google@5c9df79c]
2022-09-30 22:31:59,839 INFO h.JsonTestDataHelper [TestNG-tests-1] JsonTestDataHelper created
2022-09-30 22:31:59,846 INFO h.JsonTestDataHelper [TestNG-tests-1] filePath: resource/testData/google/googleData.json
2022-09-30 22:31:59,913 INFO h.JsonTestDataHelper [TestNG-tests-1] geTestData: [model.google.Google@56de349d]
2022-09-30 22:48:29,542 INFO h.JsonTestDataHelper [TestNG-tests-1] JsonTestDataHelper created
2022-09-30 22:48:29,557 INFO h.JsonTestDataHelper [TestNG-tests-1] filePath: resource/testData/google/googleData.json
2022-09-30 22:48:29,635 INFO h.JsonTestDataHelper [TestNG-tests-1] geTestData: [model.google.Google@10ff71f5]
2022-09-30 22:55:07,387 INFO h.JsonTestDataHelper [TestNG-tests-1] JsonTestDataHelper created
2022-09-30 22:55:07,387 INFO h.JsonTestDataHelper [TestNG-tests-1] filePath: resource/testData/google/googleData.json
2022-09-30 22:55:07,387 INFO h.JsonTestDataHelper [TestNG-tests-2] filePath: resource/testData/categorie/categorie.json
2022-09-30 22:55:07,590 INFO h.JsonTestDataHelper [TestNG-tests-1] geTestData: [model.google.Google@3c10723e]
2022-09-30 22:57:07,713 INFO h.JsonTestDataHelper [TestNG-tests-1] filePath: resource/testData/google/googleData.json
2022-09-30 22:57:07,713 INFO h.JsonTestDataHelper [TestNG-tests-2] JsonTestDataHelper created
2022-09-30 22:57:07,728 INFO h.JsonTestDataHelper [TestNG-tests-2] filePath: resource/testData/sagaFalabella/categorie/categorie.json
2022-09-30 22:57:07,822 INFO h.JsonTestDataHelper [TestNG-tests-2] geTestData: [model.sagaFalabella.categorie.Categorie@6ac464fc]
2022-09-30 22:57:07,822 INFO h.JsonTestDataHelper [TestNG-tests-1] geTestData: [model.google.Google@68cc3c2c]
2022-09-30 22:59:21,801 INFO h.JsonTestDataHelper [TestNG-tests-2] JsonTestDataHelper created
2022-09-30 22:59:21,801 INFO h.JsonTestDataHelper [TestNG-tests-1] filePath: resource/testData/google/googleData.json
2022-09-30 22:59:21,804 INFO h.JsonTestDataHelper [TestNG-tests-2] filePath: resource/testData/sagaFalabella/categorie/categorie.json
2022-09-30 22:59:21,882 INFO h.JsonTestDataHelper [TestNG-tests-1] geTestData: [model.google.Google@70d63b5c]
2022-09-30 22:59:21,882 INFO h.JsonTestDataHelper [TestNG-tests-2] geTestData: [model.sagaFalabella.categorie.Categorie@1518e0a]
2022-09-30 23:52:06,778 INFO h.JsonTestDataHelper [TestNG-tests-1] filePath: resource/testData/google/googleData.json
2022-09-30 23:52:06,778 INFO h.JsonTestDataHelper [TestNG-tests-2] JsonTestDataHelper created
2022-09-30 23:52:06,778 INFO h.JsonTestDataHelper [TestNG-tests-2] filePath: resource/testData/sagaFalabella/categorie/categorieData.json
2022-09-30 23:52:06,856 INFO h.JsonTestDataHelper [TestNG-tests-1] geTestData: [model.google.Google@6bf3b474]
2022-09-30 23:52:06,856 INFO h.JsonTestDataHelper [TestNG-tests-2] geTestData: [model.sagaFalabella.categorie.Categorie@be16599]
2022-09-30 23:52:28,694 INFO h.JsonTestDataHelper [TestNG-tests-2] filePath: resource/testData/sagaFalabella/categorie/categorieData.json
2022-09-30 23:52:28,695 INFO h.JsonTestDataHelper [TestNG-tests-2] geTestData: [model.sagaFalabella.categorie.Categorie@23971c19]
